<?xml version="1.0" encoding="UTF-8"?>
<testsuite xmlns:xsi="http://www.w3.org/2001/XMLSchema-instance" xsi:noNamespaceSchemaLocation="https://maven.apache.org/surefire/maven-surefire-plugin/xsd/surefire-test-report.xsd" name="TestSuite" time="479.6" tests="2" errors="0" skipped="0" failures="0">
  <properties>
[...]
</properties>
  <testcase name="checkAllPages" classname="tests.TC_Purplle_001" time="97.046"/>
  <testcase name="addProductToCartTest" classname="tests.TC_Purplle_002" time="355.754"/>
</testsuite>