<?xml version="1.0" encoding="UTF-8"?>
<!-- Generated by org.testng.reporters.JUnitXMLReporter -->
<testsuite hostname="TYSS-Chandana" ignored="2" name="/Users/naziya/Documents/Automation/Purplle/src/test/java/tests/practice.java" tests="2" failures="0" timestamp="2022-12-29T11:49:44 IST" time="477.653" errors="0">
  <testcase name="checkAllPages" time="97.07" classname="tests.TC_Purplle_001"/>
  <testcase name="addProductToCartTest" time="355.742" classname="tests.TC_Purplle_002"/>
  <testcase name="@BeforeSuite staringServer" time="0.0" classname="utils.BaseClass">
    <ignored/>
  </testcase> <!-- @BeforeSuite staringServer -->
  <testcase name="@AfterSuite stopingServer" time="0.0" classname="utils.BaseClass">
    <ignored/>
  </testcase> <!-- @AfterSuite stopingServer -->
</testsuite> <!-- /Users/naziya/Documents/Automation/Purplle/src/test/java/tests/practice.java -->
